0 info it worked if it ends with ok
1 verbose cli [ '/Users/walker/.nvm/versions/node/v7.6.0/bin/node',
1 verbose cli   '/Users/walker/.nvm/versions/node/v7.6.0/bin/npm',
1 verbose cli   'run',
1 verbose cli   'docs:watch' ]
2 info using npm@4.1.2
3 info using node@v7.6.0
4 verbose run-script [ 'predocs:watch', 'docs:watch', 'postdocs:watch' ]
5 info lifecycle connectable-api@1.0.0~predocs:watch: connectable-api@1.0.0
6 silly lifecycle connectable-api@1.0.0~predocs:watch: no script for predocs:watch, continuing
7 info lifecycle connectable-api@1.0.0~docs:watch: connectable-api@1.0.0
8 verbose lifecycle connectable-api@1.0.0~docs:watch: unsafe-perm in lifecycle true
9 verbose lifecycle connectable-api@1.0.0~docs:watch: PATH: /Users/walker/.nvm/versions/node/v7.6.0/lib/node_modules/npm/bin/node-gyp-bin:/Users/walker/Desktop/test/node_modules/.bin:/usr/local/sbin:/Users/walker/.nvm/versions/node/v7.6.0/bin:/Users/walker/google-cloud-sdk/bin:/opt/local/bin:/opt/local/sbin:/Users/walker/.rbenv/shims:/Library/Frameworks/Python.framework/Versions/3.6/bin:/Users/walker/.rvm/gems/ruby-2.4.0/bin:/Users/walker/.rvm/gems/ruby-2.4.0@global/bin:/Users/walker/.rvm/rubies/ruby-2.4.0/bin:/usr/local/bin:/usr/bin:/bin:/usr/sbin:/sbin:/Applications/Postgres.app/Contents/Versions/latest/bin:/Users/walker/.rvm/bin
10 verbose lifecycle connectable-api@1.0.0~docs:watch: CWD: /Users/walker/Desktop/test
11 silly lifecycle connectable-api@1.0.0~docs:watch: Args: [ '-c', 'node_modules/shins/arapaho.js' ]
12 silly lifecycle connectable-api@1.0.0~docs:watch: Returned: code: 126  signal: null
13 info lifecycle connectable-api@1.0.0~docs:watch: Failed to exec docs:watch script
14 verbose stack Error: connectable-api@1.0.0 docs:watch: `node_modules/shins/arapaho.js`
14 verbose stack Exit status 126
14 verbose stack     at EventEmitter.<anonymous> (/Users/walker/.nvm/versions/node/v7.6.0/lib/node_modules/npm/lib/utils/lifecycle.js:279:16)
14 verbose stack     at emitTwo (events.js:106:13)
14 verbose stack     at EventEmitter.emit (events.js:192:7)
14 verbose stack     at ChildProcess.<anonymous> (/Users/walker/.nvm/versions/node/v7.6.0/lib/node_modules/npm/lib/utils/spawn.js:40:14)
14 verbose stack     at emitTwo (events.js:106:13)
14 verbose stack     at ChildProcess.emit (events.js:192:7)
14 verbose stack     at maybeClose (internal/child_process.js:890:16)
14 verbose stack     at Process.ChildProcess._handle.onexit (internal/child_process.js:226:5)
15 verbose pkgid connectable-api@1.0.0
16 verbose cwd /Users/walker/Desktop/test
17 error Darwin 17.4.0
18 error argv "/Users/walker/.nvm/versions/node/v7.6.0/bin/node" "/Users/walker/.nvm/versions/node/v7.6.0/bin/npm" "run" "docs:watch"
19 error node v7.6.0
20 error npm  v4.1.2
21 error code ELIFECYCLE
22 error connectable-api@1.0.0 docs:watch: `node_modules/shins/arapaho.js`
22 error Exit status 126
23 error Failed at the connectable-api@1.0.0 docs:watch script 'node_modules/shins/arapaho.js'.
23 error Make sure you have the latest version of node.js and npm installed.
23 error If you do, this is most likely a problem with the connectable-api package,
23 error not with npm itself.
23 error Tell the author that this fails on your system:
23 error     node_modules/shins/arapaho.js
23 error You can get information on how to open an issue for this project with:
23 error     npm bugs connectable-api
23 error Or if that isn't available, you can get their info via:
23 error     npm owner ls connectable-api
23 error There is likely additional logging output above.
24 verbose exit [ 1, true ]
